#-----------------------------------------------------------
# Vivado v2017.2 (64-bit)
# SW Build 1909853 on Thu Jun 15 18:39:10 MDT 2017
# IP Build 1909766 on Thu Jun 15 19:58:00 MDT 2017
# Start of session at: Tue Dec 18 17:04:58 2018
# Process ID: 31735
# Current directory: /home/users/kakizaki/graduate_report/design_code
# Command line: vivado
# Log file: /home/users/kakizaki/graduate_report/design_code/vivado.log
# Journal file: /home/users/kakizaki/graduate_report/design_code/vivado.jou
#-----------------------------------------------------------
start_gui
create_project project_1 /home/users/kakizaki/graduate_report/design_code/project_1 -part xc7k325tffg900-2
INFO: [IP_Flow 19-234] Refreshing IP repositories
INFO: [IP_Flow 19-1704] No user IP repositories specified
INFO: [IP_Flow 19-2313] Loaded Vivado IP repository '/home/cad/xilinx-vivado-2017.2/Vivado/2017.2/data/ip'.
add_files -norecurse {/home/users/kakizaki/graduate_report/design_code/NGC/SiTCP_XC7K_32K_BBT_V110.ngc /home/users/kakizaki/graduate_report/design_code/NGC/fifo_generator_v11_0.ngc}
add_files -norecurse {/home/users/kakizaki/graduate_report/design_code/SiTCP_XC7K_32K_BBT_V110.v /home/users/kakizaki/graduate_report/design_code/PCA9548_SW.v /home/users/kakizaki/graduate_report/design_code/IIC_CTL.v /home/users/kakizaki/graduate_report/design_code/IIC_CORE.v /home/users/kakizaki/graduate_report/design_code/Led.v /home/users/kakizaki/graduate_report/design_code/fifo_generator_v11_0.v /home/users/kakizaki/graduate_report/design_code/WRAP_SiTCP_GMII_XC7K_32K.v /home/users/kakizaki/graduate_report/design_code/Transport.v /home/users/kakizaki/graduate_report/design_code/AT93C46_IIC.v /home/users/kakizaki/graduate_report/design_code/TIMER.v /home/users/kakizaki/graduate_report/design_code/BRAM128_9B9B.v /home/users/kakizaki/graduate_report/design_code/kc705sitcp.v}
add_files -fileset constrs_1 -norecurse {/home/users/kakizaki/graduate_report/design_code/XDC/SiTCP.xdc /home/users/kakizaki/graduate_report/design_code/XDC/kc705sitcp.xdc}
update_compile_order -fileset sources_1
update_compile_order -fileset sources_1
update_compile_order -fileset sources_1
update_compile_order -fileset sources_1
launch_runs impl_1 -to_step write_bitstream -jobs 4
[Tue Dec 18 17:08:17 2018] Launched synth_1...
Run output will be captured here: /home/users/kakizaki/graduate_report/design_code/project_1/project_1.runs/synth_1/runme.log
[Tue Dec 18 17:08:17 2018] Launched impl_1...
Run output will be captured here: /home/users/kakizaki/graduate_report/design_code/project_1/project_1.runs/impl_1/runme.log
reset_run synth_1
launch_runs impl_1 -to_step write_bitstream -jobs 4
[Tue Dec 18 17:13:44 2018] Launched synth_1...
Run output will be captured here: /home/users/kakizaki/graduate_report/design_code/project_1/project_1.runs/synth_1/runme.log
[Tue Dec 18 17:13:44 2018] Launched impl_1...
Run output will be captured here: /home/users/kakizaki/graduate_report/design_code/project_1/project_1.runs/impl_1/runme.log
open_hw
connect_hw_server
INFO: [Labtools 27-2285] Connecting to hw_server url TCP:localhost:3121
INFO: [Labtools 27-2222] Launching hw_server...
INFO: [Labtools 27-2221] Launch Output:

****** Xilinx hw_server v2017.2
  **** Build date : Jun 15 2017-18:45:18
    ** Copyright 1986-2017 Xilinx, Inc. All Rights Reserved.


open_hw_target
INFO: [Labtoolstcl 44-466] Opening hw_target localhost:3121/xilinx_tcf/Xilinx/000013e2d85d01
set_property PROGRAM.FILE {/home/users/kakizaki/graduate_report/design_code/project_1/project_1.runs/impl_1/kc705sitcp.bit} [get_hw_devices xc7k325t_0]
current_hw_device [get_hw_devices xc7k325t_0]
refresh_hw_device -update_hw_probes false [lindex [get_hw_devices xc7k325t_0] 0]
INFO: [Labtools 27-1434] Device xc7k325t (JTAG device index = 0) is programmed with a design that has no supported debug core(s) in it.
WARNING: [Labtools 27-3361] The debug hub core was not detected.
Resolution: 
1. Make sure the clock connected to the debug hub (dbg_hub) core is a free running clock and is active.
2. Make sure the BSCAN_SWITCH_USER_MASK device property in Vivado Hardware Manager reflects the user scan chain setting in the design and refresh the device.  To determine the user scan chain setting in the design, open the implemented design and use 'get_property C_USER_SCAN_CHAIN [get_debug_cores dbg_hub]'.
For more details on setting the scan chain property, consult the Vivado Debug and Programming User Guide (UG908).
refresh_hw_device [lindex [get_hw_devices xc7k325t_0] 0]
INFO: [Labtools 27-1434] Device xc7k325t (JTAG device index = 0) is programmed with a design that has no supported debug core(s) in it.
WARNING: [Labtools 27-3361] The debug hub core was not detected.
Resolution: 
1. Make sure the clock connected to the debug hub (dbg_hub) core is a free running clock and is active.
2. Make sure the BSCAN_SWITCH_USER_MASK device property in Vivado Hardware Manager reflects the user scan chain setting in the design and refresh the device.  To determine the user scan chain setting in the design, open the implemented design and use 'get_property C_USER_SCAN_CHAIN [get_debug_cores dbg_hub]'.
For more details on setting the scan chain property, consult the Vivado Debug and Programming User Guide (UG908).
set_property PROBES.FILE {} [get_hw_devices xc7k325t_0]
set_property FULL_PROBES.FILE {} [get_hw_devices xc7k325t_0]
set_property PROGRAM.FILE {/home/users/kakizaki/graduate_report/design_code/project_1/project_1.runs/impl_1/kc705sitcp.bit} [get_hw_devices xc7k325t_0]
program_hw_devices [get_hw_devices xc7k325t_0]
INFO: [Labtools 27-3164] End of startup status: HIGH
refresh_hw_device [lindex [get_hw_devices xc7k325t_0] 0]
INFO: [Labtools 27-1434] Device xc7k325t (JTAG device index = 0) is programmed with a design that has no supported debug core(s) in it.
WARNING: [Labtools 27-3361] The debug hub core was not detected.
Resolution: 
1. Make sure the clock connected to the debug hub (dbg_hub) core is a free running clock and is active.
2. Make sure the BSCAN_SWITCH_USER_MASK device property in Vivado Hardware Manager reflects the user scan chain setting in the design and refresh the device.  To determine the user scan chain setting in the design, open the implemented design and use 'get_property C_USER_SCAN_CHAIN [get_debug_cores dbg_hub]'.
For more details on setting the scan chain property, consult the Vivado Debug and Programming User Guide (UG908).
reset_run impl_1 -prev_step 
launch_runs impl_1 -to_step write_bitstream -jobs 4
WARNING: [Vivado 12-872] Run step 'Design Initialization' is out-of-date.
[Tue Dec 18 17:32:16 2018] Launched impl_1...
Run output will be captured here: /home/users/kakizaki/graduate_report/design_code/project_1/project_1.runs/impl_1/runme.log
update_compile_order -fileset sources_1
refresh_hw_device [lindex [get_hw_devices xc7k325t_0] 0]
INFO: [Labtools 27-1434] Device xc7k325t (JTAG device index = 0) is programmed with a design that has no supported debug core(s) in it.
WARNING: [Labtools 27-3361] The debug hub core was not detected.
Resolution: 
1. Make sure the clock connected to the debug hub (dbg_hub) core is a free running clock and is active.
2. Make sure the BSCAN_SWITCH_USER_MASK device property in Vivado Hardware Manager reflects the user scan chain setting in the design and refresh the device.  To determine the user scan chain setting in the design, open the implemented design and use 'get_property C_USER_SCAN_CHAIN [get_debug_cores dbg_hub]'.
For more details on setting the scan chain property, consult the Vivado Debug and Programming User Guide (UG908).
set_property PROBES.FILE {} [get_hw_devices xc7k325t_0]
set_property FULL_PROBES.FILE {} [get_hw_devices xc7k325t_0]
set_property PROGRAM.FILE {/home/users/kakizaki/graduate_report/design_code/project_1/project_1.runs/impl_1/kc705sitcp.bit} [get_hw_devices xc7k325t_0]
program_hw_devices [get_hw_devices xc7k325t_0]
INFO: [Labtools 27-3164] End of startup status: HIGH
refresh_hw_device [lindex [get_hw_devices xc7k325t_0] 0]
INFO: [Labtools 27-1434] Device xc7k325t (JTAG device index = 0) is programmed with a design that has no supported debug core(s) in it.
WARNING: [Labtools 27-3361] The debug hub core was not detected.
Resolution: 
1. Make sure the clock connected to the debug hub (dbg_hub) core is a free running clock and is active.
2. Make sure the BSCAN_SWITCH_USER_MASK device property in Vivado Hardware Manager reflects the user scan chain setting in the design and refresh the device.  To determine the user scan chain setting in the design, open the implemented design and use 'get_property C_USER_SCAN_CHAIN [get_debug_cores dbg_hub]'.
For more details on setting the scan chain property, consult the Vivado Debug and Programming User Guide (UG908).
reset_run synth_1
launch_runs impl_1 -to_step write_bitstream -jobs 4
[Tue Dec 18 17:36:43 2018] Launched synth_1...
Run output will be captured here: /home/users/kakizaki/graduate_report/design_code/project_1/project_1.runs/synth_1/runme.log
[Tue Dec 18 17:36:43 2018] Launched impl_1...
Run output will be captured here: /home/users/kakizaki/graduate_report/design_code/project_1/project_1.runs/impl_1/runme.log
refresh_hw_device [lindex [get_hw_devices xc7k325t_0] 0]
INFO: [Labtools 27-1434] Device xc7k325t (JTAG device index = 0) is programmed with a design that has no supported debug core(s) in it.
WARNING: [Labtools 27-3361] The debug hub core was not detected.
Resolution: 
1. Make sure the clock connected to the debug hub (dbg_hub) core is a free running clock and is active.
2. Make sure the BSCAN_SWITCH_USER_MASK device property in Vivado Hardware Manager reflects the user scan chain setting in the design and refresh the device.  To determine the user scan chain setting in the design, open the implemented design and use 'get_property C_USER_SCAN_CHAIN [get_debug_cores dbg_hub]'.
For more details on setting the scan chain property, consult the Vivado Debug and Programming User Guide (UG908).
set_property PROBES.FILE {} [get_hw_devices xc7k325t_0]
set_property FULL_PROBES.FILE {} [get_hw_devices xc7k325t_0]
set_property PROGRAM.FILE {/home/users/kakizaki/graduate_report/design_code/project_1/project_1.runs/impl_1/kc705sitcp.bit} [get_hw_devices xc7k325t_0]
program_hw_devices [get_hw_devices xc7k325t_0]
INFO: [Labtools 27-3164] End of startup status: HIGH
program_hw_devices: Time (s): cpu = 00:00:06 ; elapsed = 00:00:06 . Memory (MB): peak = 6522.914 ; gain = 0.000 ; free physical = 1598 ; free virtual = 5837
refresh_hw_device [lindex [get_hw_devices xc7k325t_0] 0]
INFO: [Labtools 27-1434] Device xc7k325t (JTAG device index = 0) is programmed with a design that has no supported debug core(s) in it.
WARNING: [Labtools 27-3361] The debug hub core was not detected.
Resolution: 
1. Make sure the clock connected to the debug hub (dbg_hub) core is a free running clock and is active.
2. Make sure the BSCAN_SWITCH_USER_MASK device property in Vivado Hardware Manager reflects the user scan chain setting in the design and refresh the device.  To determine the user scan chain setting in the design, open the implemented design and use 'get_property C_USER_SCAN_CHAIN [get_debug_cores dbg_hub]'.
For more details on setting the scan chain property, consult the Vivado Debug and Programming User Guide (UG908).
refresh_hw_device [lindex [get_hw_devices xc7k325t_0] 0]
INFO: [Labtools 27-1434] Device xc7k325t (JTAG device index = 0) is programmed with a design that has no supported debug core(s) in it.
WARNING: [Labtools 27-3361] The debug hub core was not detected.
Resolution: 
1. Make sure the clock connected to the debug hub (dbg_hub) core is a free running clock and is active.
2. Make sure the BSCAN_SWITCH_USER_MASK device property in Vivado Hardware Manager reflects the user scan chain setting in the design and refresh the device.  To determine the user scan chain setting in the design, open the implemented design and use 'get_property C_USER_SCAN_CHAIN [get_debug_cores dbg_hub]'.
For more details on setting the scan chain property, consult the Vivado Debug and Programming User Guide (UG908).
reset_run synth_1
launch_runs impl_1 -to_step write_bitstream -jobs 4
[Tue Dec 18 17:47:54 2018] Launched synth_1...
Run output will be captured here: /home/users/kakizaki/graduate_report/design_code/project_1/project_1.runs/synth_1/runme.log
[Tue Dec 18 17:47:54 2018] Launched impl_1...
Run output will be captured here: /home/users/kakizaki/graduate_report/design_code/project_1/project_1.runs/impl_1/runme.log
